e:\doan\uk362src\uk362\newkey\urelease\newkey.pch
e:\doan\uk362src\uk362\newkey\urelease\vc140.pdb
e:\doan\uk362src\uk362\newkey\urelease\prehdr.obj
e:\doan\uk362src\uk362\newkey\urelease\util.obj
e:\doan\uk362src\uk362\newkey\urelease\userpref.obj
e:\doan\uk362src\uk362\newkey\urelease\ukmenu.obj
e:\doan\uk362src\uk362\newkey\urelease\tooldlg.obj
e:\doan\uk362src\uk362\newkey\urelease\smedit.obj
e:\doan\uk362src\uk362\newkey\urelease\odmenu.obj
e:\doan\uk362src\uk362\newkey\urelease\mainwnd.obj
e:\doan\uk362src\uk362\newkey\urelease\mactab.obj
e:\doan\uk362src\uk362\newkey\urelease\macrodlg.obj
e:\doan\uk362src\uk362\newkey\urelease\label.obj
e:\doan\uk362src\uk362\newkey\urelease\keydlg.obj
e:\doan\uk362src\uk362\newkey\urelease\font.obj
e:\doan\uk362src\uk362\newkey\urelease\expdlg.obj
e:\doan\uk362src\uk362\newkey\urelease\encode.obj
e:\doan\uk362src\uk362\newkey\urelease\button.obj
e:\doan\uk362src\uk362\newkey\urelease\about.obj
e:\doan\uk362src\uk362\newkey\urelease\newkey.res
e:\doan\uk362src\uk362\newkey\urelease\newkey.tlog\cl.command.1.tlog
e:\doan\uk362src\uk362\newkey\urelease\newkey.tlog\cl.read.1.tlog
e:\doan\uk362src\uk362\newkey\urelease\newkey.tlog\cl.write.1.tlog
e:\doan\uk362src\uk362\newkey\urelease\newkey.tlog\link-cvtres.read.1.tlog
e:\doan\uk362src\uk362\newkey\urelease\newkey.tlog\link-cvtres.write.1.tlog
e:\doan\uk362src\uk362\newkey\urelease\newkey.tlog\link-rc.read.1.tlog
e:\doan\uk362src\uk362\newkey\urelease\newkey.tlog\link-rc.write.1.tlog
e:\doan\uk362src\uk362\newkey\urelease\newkey.tlog\link.command.1.tlog
e:\doan\uk362src\uk362\newkey\urelease\newkey.tlog\link.read.1.tlog
e:\doan\uk362src\uk362\newkey\urelease\newkey.tlog\link.write.1.tlog
e:\doan\uk362src\uk362\newkey\urelease\newkey.tlog\rc.command.1.tlog
e:\doan\uk362src\uk362\newkey\urelease\newkey.tlog\rc.read.1.tlog
e:\doan\uk362src\uk362\newkey\urelease\newkey.tlog\rc.write.1.tlog
