.\../Debug\NewKey.ilk
.\../Debug\NewKey.pdb
E:\DOAN\UK362SRC\UK362\DEBUG\NEWKEY.EXE
E:\DOAN\UK362SRC\UK362\DEBUG\NEWKEY.ILK
E:\DOAN\UK362SRC\UK362\DEBUG\NEWKEY.PDB
E:\Doan\Uk362src\Uk362\newkey\.\../Debug\NewKey.exe
E:\DOAN\UK362SRC\UK362\NEWKEY\DEBUG\ABOUT.OBJ
E:\DOAN\UK362SRC\UK362\NEWKEY\DEBUG\BUTTON.OBJ
E:\Doan\Uk362src\Uk362\newkey\Debug\cl.command.1.tlog
E:\Doan\Uk362src\Uk362\newkey\Debug\CL.read.1.tlog
E:\Doan\Uk362src\Uk362\newkey\Debug\CL.write.1.tlog
E:\DOAN\UK362SRC\UK362\NEWKEY\DEBUG\ENCODE.OBJ
E:\DOAN\UK362SRC\UK362\NEWKEY\DEBUG\EXPDLG.OBJ
E:\DOAN\UK362SRC\UK362\NEWKEY\DEBUG\FONT.OBJ
E:\DOAN\UK362SRC\UK362\NEWKEY\DEBUG\KEYDLG.OBJ
E:\DOAN\UK362SRC\UK362\NEWKEY\DEBUG\LABEL.OBJ
E:\Doan\Uk362src\Uk362\newkey\Debug\link.command.1.tlog
E:\Doan\Uk362src\Uk362\newkey\Debug\link.read.1.tlog
E:\Doan\Uk362src\Uk362\newkey\Debug\link.write.1.tlog
E:\Doan\Uk362src\Uk362\newkey\Debug\link-cvtres.read.1.tlog
E:\Doan\Uk362src\Uk362\newkey\Debug\link-cvtres.write.1.tlog
E:\DOAN\UK362SRC\UK362\NEWKEY\DEBUG\MACRODLG.OBJ
E:\DOAN\UK362SRC\UK362\NEWKEY\DEBUG\MACTAB.OBJ
E:\DOAN\UK362SRC\UK362\NEWKEY\DEBUG\MAINWND.OBJ
E:\Doan\Uk362src\Uk362\newkey\Debug\mt.command.1.tlog
E:\Doan\Uk362src\Uk362\newkey\Debug\mt.read.1.tlog
E:\Doan\Uk362src\Uk362\newkey\Debug\mt.write.1.tlog
E:\DOAN\UK362SRC\UK362\NEWKEY\DEBUG\NEWKEY.EXE.EMBED.MANIFEST
E:\DOAN\UK362SRC\UK362\NEWKEY\DEBUG\NEWKEY.EXE.EMBED.MANIFEST.RES
E:\DOAN\UK362SRC\UK362\NEWKEY\DEBUG\NEWKEY.EXE.INTERMEDIATE.MANIFEST
E:\DOAN\UK362SRC\UK362\NEWKEY\DEBUG\NEWKEY.PCH
E:\DOAN\UK362SRC\UK362\NEWKEY\DEBUG\NEWKEY.RES
E:\Doan\Uk362src\Uk362\newkey\Debug\NewKey_manifest.rc
E:\DOAN\UK362SRC\UK362\NEWKEY\DEBUG\ODMENU.OBJ
E:\DOAN\UK362SRC\UK362\NEWKEY\DEBUG\PREHDR.OBJ
E:\Doan\Uk362src\Uk362\newkey\Debug\rc.command.1.tlog
E:\Doan\Uk362src\Uk362\newkey\Debug\rc.read.1.tlog
E:\Doan\Uk362src\Uk362\newkey\Debug\rc.write.1.tlog
E:\DOAN\UK362SRC\UK362\NEWKEY\DEBUG\SMEDIT.OBJ
E:\DOAN\UK362SRC\UK362\NEWKEY\DEBUG\TOOLDLG.OBJ
E:\DOAN\UK362SRC\UK362\NEWKEY\DEBUG\UKMENU.OBJ
E:\DOAN\UK362SRC\UK362\NEWKEY\DEBUG\USERPREF.OBJ
E:\DOAN\UK362SRC\UK362\NEWKEY\DEBUG\UTIL.OBJ
E:\Doan\Uk362src\Uk362\newkey\Debug\vc100.idb
E:\DOAN\UK362SRC\UK362\NEWKEY\DEBUG\VC100.PDB
