E:\DOAN\UK362SRC\UK362\DEBUG\UVCONV.EXE
E:\DOAN\UK362SRC\UK362\DEBUG\UVCONV.ILK
E:\DOAN\UK362SRC\UK362\DEBUG\UVCONV.PDB
E:\Doan\Uk362src\Uk362\uvconvert\Debug\cl.command.1.tlog
E:\Doan\Uk362src\Uk362\uvconvert\Debug\CL.read.1.tlog
E:\Doan\Uk362src\Uk362\uvconvert\Debug\CL.write.1.tlog
E:\Doan\Uk362src\Uk362\uvconvert\Debug\link.11840.read.1.tlog
E:\Doan\Uk362src\Uk362\uvconvert\Debug\link.11840.write.1.tlog
E:\Doan\Uk362src\Uk362\uvconvert\Debug\link.11840-cvtres.read.1.tlog
E:\Doan\Uk362src\Uk362\uvconvert\Debug\link.11840-cvtres.write.1.tlog
E:\Doan\Uk362src\Uk362\uvconvert\Debug\link.command.1.tlog
E:\Doan\Uk362src\Uk362\uvconvert\Debug\link.read.1.tlog
E:\Doan\Uk362src\Uk362\uvconvert\Debug\link.write.1.tlog
E:\Doan\Uk362src\Uk362\uvconvert\Debug\link-cvtres.read.1.tlog
E:\Doan\Uk362src\Uk362\uvconvert\Debug\link-cvtres.write.1.tlog
E:\Doan\Uk362src\Uk362\uvconvert\Debug\mt.command.1.tlog
E:\Doan\Uk362src\Uk362\uvconvert\Debug\mt.read.1.tlog
E:\Doan\Uk362src\Uk362\uvconvert\Debug\mt.write.1.tlog
E:\DOAN\UK362SRC\UK362\UVCONVERT\DEBUG\PREHDR.OBJ
E:\Doan\Uk362src\Uk362\uvconvert\Debug\rc.command.1.tlog
E:\Doan\Uk362src\Uk362\uvconvert\Debug\rc.read.1.tlog
E:\Doan\Uk362src\Uk362\uvconvert\Debug\rc.write.1.tlog
E:\DOAN\UK362SRC\UK362\UVCONVERT\DEBUG\UVCONVERT.EXE.EMBED.MANIFEST
E:\DOAN\UK362SRC\UK362\UVCONVERT\DEBUG\UVCONVERT.EXE.EMBED.MANIFEST.RES
E:\DOAN\UK362SRC\UK362\UVCONVERT\DEBUG\UVCONVERT.EXE.INTERMEDIATE.MANIFEST
E:\DOAN\UK362SRC\UK362\UVCONVERT\DEBUG\UVCONVERT.OBJ
E:\DOAN\UK362SRC\UK362\UVCONVERT\DEBUG\UVCONVERT.PCH
E:\Doan\Uk362src\Uk362\uvconvert\Debug\uvconvert_manifest.rc
E:\Doan\Uk362src\Uk362\uvconvert\Debug\vc100.idb
E:\DOAN\UK362SRC\UK362\UVCONVERT\DEBUG\VC100.PDB
