E:\DOAN\UK362SRC\UK362\NEWKEY\RELEASE\ABOUT.OBJ
E:\DOAN\UK362SRC\UK362\NEWKEY\RELEASE\BUTTON.OBJ
E:\Doan\Uk362src\Uk362\newkey\Release\cl.command.1.tlog
E:\Doan\Uk362src\Uk362\newkey\Release\CL.read.1.tlog
E:\Doan\Uk362src\Uk362\newkey\Release\CL.write.1.tlog
E:\DOAN\UK362SRC\UK362\NEWKEY\RELEASE\ENCODE.OBJ
E:\DOAN\UK362SRC\UK362\NEWKEY\RELEASE\EXPDLG.OBJ
E:\DOAN\UK362SRC\UK362\NEWKEY\RELEASE\FONT.OBJ
E:\DOAN\UK362SRC\UK362\NEWKEY\RELEASE\KEYDLG.OBJ
E:\DOAN\UK362SRC\UK362\NEWKEY\RELEASE\LABEL.OBJ
E:\Doan\Uk362src\Uk362\newkey\Release\link.command.1.tlog
E:\Doan\Uk362src\Uk362\newkey\Release\link.read.1.tlog
E:\Doan\Uk362src\Uk362\newkey\Release\link.write.1.tlog
E:\Doan\Uk362src\Uk362\newkey\Release\link-cvtres.read.1.tlog
E:\Doan\Uk362src\Uk362\newkey\Release\link-cvtres.write.1.tlog
E:\DOAN\UK362SRC\UK362\NEWKEY\RELEASE\MACRODLG.OBJ
E:\DOAN\UK362SRC\UK362\NEWKEY\RELEASE\MACTAB.OBJ
E:\DOAN\UK362SRC\UK362\NEWKEY\RELEASE\MAINWND.OBJ
E:\Doan\Uk362src\Uk362\newkey\Release\mt.command.1.tlog
E:\Doan\Uk362src\Uk362\newkey\Release\mt.read.1.tlog
E:\Doan\Uk362src\Uk362\newkey\Release\mt.write.1.tlog
E:\DOAN\UK362SRC\UK362\NEWKEY\RELEASE\NEWKEY.EXE.INTERMEDIATE.MANIFEST
E:\DOAN\UK362SRC\UK362\NEWKEY\RELEASE\NEWKEY.PCH
E:\DOAN\UK362SRC\UK362\NEWKEY\RELEASE\NEWKEY.RES
E:\DOAN\UK362SRC\UK362\NEWKEY\RELEASE\ODMENU.OBJ
E:\DOAN\UK362SRC\UK362\NEWKEY\RELEASE\PREHDR.OBJ
E:\Doan\Uk362src\Uk362\newkey\Release\rc.command.1.tlog
E:\Doan\Uk362src\Uk362\newkey\Release\rc.read.1.tlog
E:\Doan\Uk362src\Uk362\newkey\Release\rc.write.1.tlog
E:\DOAN\UK362SRC\UK362\NEWKEY\RELEASE\SMEDIT.OBJ
E:\DOAN\UK362SRC\UK362\NEWKEY\RELEASE\TOOLDLG.OBJ
E:\DOAN\UK362SRC\UK362\NEWKEY\RELEASE\UKMENU.OBJ
E:\DOAN\UK362SRC\UK362\NEWKEY\RELEASE\USERPREF.OBJ
E:\DOAN\UK362SRC\UK362\NEWKEY\RELEASE\UTIL.OBJ
E:\DOAN\UK362SRC\UK362\NEWKEY\RELEASE\VC100.PDB
E:\DOAN\UK362SRC\UK362\RELEASE\UNIKEY.EXE
