E:\DOAN\UK362SRC\UK362\DEBUG\UKHOOK35.DLL
E:\Doan\Uk362src\Uk362\Debug\UKhook35.exp
E:\DOAN\UK362SRC\UK362\DEBUG\UKHOOK35.ILK
E:\Doan\Uk362src\Uk362\Debug\UKhook35.lib
E:\DOAN\UK362SRC\UK362\DEBUG\UKHOOK35.PDB
E:\Doan\Uk362src\Uk362\keyhook\Debug\cl.command.1.tlog
E:\Doan\Uk362src\Uk362\keyhook\Debug\CL.read.1.tlog
E:\Doan\Uk362src\Uk362\keyhook\Debug\CL.write.1.tlog
E:\DOAN\UK362SRC\UK362\KEYHOOK\DEBUG\KEYHOOK.DLL.EMBED.MANIFEST
E:\DOAN\UK362SRC\UK362\KEYHOOK\DEBUG\KEYHOOK.DLL.EMBED.MANIFEST.RES
E:\DOAN\UK362SRC\UK362\KEYHOOK\DEBUG\KEYHOOK.DLL.INTERMEDIATE.MANIFEST
E:\DOAN\UK362SRC\UK362\KEYHOOK\DEBUG\KEYHOOK.OBJ
E:\Doan\Uk362src\Uk362\keyhook\Debug\keyhook.write.1.tlog
E:\Doan\Uk362src\Uk362\keyhook\Debug\keyhook_manifest.rc
E:\Doan\Uk362src\Uk362\keyhook\Debug\link.11188.read.1.tlog
E:\Doan\Uk362src\Uk362\keyhook\Debug\link.11188.write.1.tlog
E:\Doan\Uk362src\Uk362\keyhook\Debug\link.11188-cvtres.read.1.tlog
E:\Doan\Uk362src\Uk362\keyhook\Debug\link.11188-cvtres.write.1.tlog
E:\Doan\Uk362src\Uk362\keyhook\Debug\link.command.1.tlog
E:\Doan\Uk362src\Uk362\keyhook\Debug\link.read.1.tlog
E:\Doan\Uk362src\Uk362\keyhook\Debug\link.write.1.tlog
E:\Doan\Uk362src\Uk362\keyhook\Debug\link-cvtres.read.1.tlog
E:\Doan\Uk362src\Uk362\keyhook\Debug\link-cvtres.write.1.tlog
E:\Doan\Uk362src\Uk362\keyhook\Debug\mt.command.1.tlog
E:\Doan\Uk362src\Uk362\keyhook\Debug\mt.read.1.tlog
E:\Doan\Uk362src\Uk362\keyhook\Debug\mt.write.1.tlog
E:\DOAN\UK362SRC\UK362\KEYHOOK\DEBUG\PREHDR.OBJ
E:\Doan\Uk362src\Uk362\keyhook\Debug\rc.command.1.tlog
E:\Doan\Uk362src\Uk362\keyhook\Debug\rc.read.1.tlog
E:\Doan\Uk362src\Uk362\keyhook\Debug\rc.write.1.tlog
E:\Doan\Uk362src\Uk362\keyhook\Debug\vc100.idb
E:\DOAN\UK362SRC\UK362\KEYHOOK\DEBUG\VC100.PDB
E:\DOAN\UK362SRC\UK362\KEYHOOK\DEBUG\VIETKEY.OBJ
